2025-07-03 12:24:13,565 - INFO - Logger initialized
2025-07-03 12:24:13,565 - INFO - Importing utils package
2025-07-03 12:24:13,565 - INFO - Importing services package
2025-07-03 12:24:13,565 - INFO - Importing components package
2025-07-03 12:24:13,565 - INFO - Imported utils package
2025-07-03 12:24:13,565 - INFO - Imported services package
2025-07-03 12:24:13,585 - INFO - Imported components package
2025-07-03 12:24:15,606 - INFO - =============================================================== Starting RedditTUI app at: 2025-07-03 12:24:15 ================================================================
2025-07-03 12:24:15,606 - INFO - RedditTUI app initializing
2025-07-03 12:24:15,624 - INFO - Loading settings
2025-07-03 12:24:15,624 - INFO - Registered bindings: [Binding(key='q', action='quit', description='Quit', show=True, key_display=None, priority=False, tooltip='', id=None, system=False), Binding(key='enter', action='select', description='Select', show=True, key_display=None, priority=False, tooltip='', id=None, system=False), Binding(key='h', action='home', description='Home', show=True, key_display=None, priority=False, tooltip='', id=None, system=False), Binding(key='n', action='new', description='New', show=True, key_display=None, priority=False, tooltip='', id=None, system=False), Binding(key='t', action='top', description='Top', show=True, key_display=None, priority=False, tooltip='', id=None, system=False), Binding(key='s', action='advanced_search', description='Advanced Search', show=True, key_display=None, priority=False, tooltip='', id=None, system=False), Binding(key='l', action='login', description='Login', show=True, key_display=None, priority=False, tooltip='', id=None, system=False), Binding(key='?', action='help', description='Help', show=True, key_display=None, priority=False, tooltip='', id=None, system=False), Binding(key='c', action='settings', description='Settings', show=True, key_display=None, priority=False, tooltip='', id=None, system=False), Binding(key='u', action='my_profile', description='My Profile', show=True, key_display=None, priority=False, tooltip='', id=None, system=False), Binding(key='b', action='saved_posts', description='Saved Posts', show=True, key_display=None, priority=False, tooltip='', id=None, system=False), Binding(key='r', action='subscribed_subreddits', description='Subscribed Subreddits', show=True, key_display=None, priority=False, tooltip='', id=None, system=False), Binding(key='p', action='create_post', description='Create Post', show=True, key_display=None, priority=False, tooltip='', id=None, system=False), Binding(key='i', action='credits', description='Credits', show=True, key_display=None, priority=False, tooltip='', id=None, system=False), Binding(key='z', action='rate_limit', description='Rate Limit Info', show=True, key_display=None, priority=False, tooltip='', id=None, system=False), Binding(key='x', action='create_theme', description='Create Theme', show=True, key_display=None, priority=False, tooltip='', id=None, system=False), Binding(key='m', action='messages', description='Messages', show=True, key_display=None, priority=False, tooltip='', id=None, system=False), Binding(key='a', action='account_management', description='Account Management', show=True, key_display=None, priority=False, tooltip='', id=None, system=False), Binding(key='v', action='subreddit_management', description='Subreddit Management', show=True, key_display=None, priority=False, tooltip='', id=None, system=False), Binding(key='f', action='search_subreddits', description='Search Subreddits', show=True, key_display=None, priority=False, tooltip='', id=None, system=False), Binding(key='g', action='search_users', description='Search Users', show=True, key_display=None, priority=False, tooltip='', id=None, system=False)]
2025-07-03 12:24:15,647 - INFO - Composing main UI
2025-07-03 12:24:15,647 - INFO - Initializing Sidebar widget
2025-07-03 12:24:15,648 - INFO - Initializing PostList widget
2025-07-03 12:24:15,661 - INFO - Composing Sidebar UI
2025-07-03 12:24:15,661 - INFO - Composing PostList UI
2025-07-03 12:24:15,680 - INFO - Sidebar mounted
2025-07-03 12:24:15,681 - INFO - PostList mounted
2025-07-03 12:24:15,681 - INFO - Updating posts in PostList: 0 posts
2025-07-03 12:24:15,682 - INFO - ================================ App mounted ==================================
2025-07-03 12:24:15,682 - WARNING - Themes directory not found at: /home/lenny/Coding/RedditTUI/themes
2025-07-03 12:24:15,983 - DEBUG - Sidebar render called, updating static content
2025-07-03 12:24:16,014 - INFO - =============================================================== RedditTUI app exited at: 2025-07-03 12:24:16 ================================================================
